{"/workspace/src/components/experience/Chapter.jsx": {"path":"/workspace/src/components/experience/Chapter.jsx","all":false,"statementMap":{"0":{"start":{"line":1,"column":0},"end":{"line":1,"column":30}},"18":{"start":{"line":19,"column":0},"end":{"line":19,"column":109}},"19":{"start":{"line":20,"column":0},"end":{"line":20,"column":28}},"20":{"start":{"line":21,"column":0},"end":{"line":21,"column":65}},"21":{"start":{"line":22,"column":0},"end":{"line":22,"column":10}},"22":{"start":{"line":23,"column":0},"end":{"line":23,"column":50}},"23":{"start":{"line":24,"column":0},"end":{"line":24,"column":36}},"24":{"start":{"line":25,"column":0},"end":{"line":25,"column":50}},"25":{"start":{"line":26,"column":0},"end":{"line":26,"column":55}},"26":{"start":{"line":27,"column":0},"end":{"line":27,"column":21}},"27":{"start":{"line":28,"column":0},"end":{"line":28,"column":58}},"28":{"start":{"line":29,"column":0},"end":{"line":29,"column":21}},"29":{"start":{"line":30,"column":0},"end":{"line":30,"column":17}},"31":{"start":{"line":32,"column":0},"end":{"line":32,"column":20}},"32":{"start":{"line":33,"column":0},"end":{"line":33,"column":14}},"33":{"start":{"line":34,"column":0},"end":{"line":34,"column":12}},"34":{"start":{"line":35,"column":0},"end":{"line":35,"column":14}},"36":{"start":{"line":37,"column":0},"end":{"line":37,"column":1}}},"s":{"0":1,"18":6,"19":6,"20":6,"21":6,"22":6,"23":6,"24":6,"25":6,"26":6,"27":5,"28":5,"29":5,"31":6,"32":6,"33":6,"34":6,"36":6},"branchMap":{"0":{"type":"branch","line":19,"loc":{"start":{"line":19,"column":0},"end":{"line":37,"column":1}},"locations":[{"start":{"line":19,"column":0},"end":{"line":37,"column":1}}]},"1":{"type":"branch","line":21,"loc":{"start":{"line":21,"column":19},"end":{"line":21,"column":62}},"locations":[{"start":{"line":21,"column":19},"end":{"line":21,"column":62}}]},"2":{"type":"branch","line":21,"loc":{"start":{"line":21,"column":58},"end":{"line":21,"column":65}},"locations":[{"start":{"line":21,"column":58},"end":{"line":21,"column":65}}]},"3":{"type":"branch","line":26,"loc":{"start":{"line":26,"column":11},"end":{"line":26,"column":55}},"locations":[{"start":{"line":26,"column":11},"end":{"line":26,"column":55}}]},"4":{"type":"branch","line":27,"loc":{"start":{"line":27,"column":11},"end":{"line":30,"column":17}},"locations":[{"start":{"line":27,"column":11},"end":{"line":30,"column":17}}]}},"b":{"0":[6],"1":[5],"2":[1],"3":[4],"4":[5]},"fnMap":{"0":{"name":"Chapter","decl":{"start":{"line":19,"column":0},"end":{"line":37,"column":1}},"loc":{"start":{"line":19,"column":0},"end":{"line":37,"column":1}},"line":19}},"f":{"0":6}}
,"/workspace/src/components/experience/CinematicHero.jsx": {"path":"/workspace/src/components/experience/CinematicHero.jsx","all":true,"statementMap":{"0":{"start":{"line":1,"column":0},"end":{"line":1,"column":52}},"1":{"start":{"line":2,"column":0},"end":{"line":2,"column":40}},"2":{"start":{"line":3,"column":0},"end":{"line":3,"column":60}},"3":{"start":{"line":4,"column":0},"end":{"line":4,"column":64}},"4":{"start":{"line":5,"column":0},"end":{"line":5,"column":62}},"6":{"start":{"line":7,"column":0},"end":{"line":7,"column":83}},"7":{"start":{"line":8,"column":0},"end":{"line":8,"column":89}},"9":{"start":{"line":10,"column":0},"end":{"line":10,"column":41}},"10":{"start":{"line":11,"column":0},"end":{"line":11,"column":33}},"11":{"start":{"line":12,"column":0},"end":{"line":12,"column":29}},"12":{"start":{"line":13,"column":0},"end":{"line":13,"column":58}},"13":{"start":{"line":14,"column":0},"end":{"line":14,"column":138}},"14":{"start":{"line":15,"column":0},"end":{"line":15,"column":46}},"15":{"start":{"line":16,"column":0},"end":{"line":16,"column":37}},"18":{"start":{"line":19,"column":0},"end":{"line":19,"column":19}},"19":{"start":{"line":20,"column":0},"end":{"line":20,"column":22}},"20":{"start":{"line":21,"column":0},"end":{"line":21,"column":72}},"21":{"start":{"line":22,"column":0},"end":{"line":22,"column":38}},"22":{"start":{"line":23,"column":0},"end":{"line":23,"column":109}},"23":{"start":{"line":24,"column":0},"end":{"line":24,"column":22}},"24":{"start":{"line":25,"column":0},"end":{"line":25,"column":43}},"25":{"start":{"line":26,"column":0},"end":{"line":26,"column":79}},"26":{"start":{"line":27,"column":0},"end":{"line":27,"column":76}},"27":{"start":{"line":28,"column":0},"end":{"line":28,"column":9}},"28":{"start":{"line":29,"column":0},"end":{"line":29,"column":23}},"29":{"start":{"line":30,"column":0},"end":{"line":30,"column":75}},"30":{"start":{"line":31,"column":0},"end":{"line":31,"column":62}},"31":{"start":{"line":32,"column":0},"end":{"line":32,"column":126}},"32":{"start":{"line":33,"column":0},"end":{"line":33,"column":9}},"34":{"start":{"line":35,"column":0},"end":{"line":35,"column":81}},"35":{"start":{"line":36,"column":0},"end":{"line":36,"column":120}},"37":{"start":{"line":38,"column":0},"end":{"line":38,"column":19}},"38":{"start":{"line":39,"column":0},"end":{"line":39,"column":86}},"39":{"start":{"line":40,"column":0},"end":{"line":40,"column":87}},"40":{"start":{"line":41,"column":0},"end":{"line":41,"column":41}},"41":{"start":{"line":42,"column":0},"end":{"line":42,"column":47}},"42":{"start":{"line":43,"column":0},"end":{"line":43,"column":75}},"43":{"start":{"line":44,"column":0},"end":{"line":44,"column":56}},"44":{"start":{"line":45,"column":0},"end":{"line":45,"column":18}},"45":{"start":{"line":46,"column":0},"end":{"line":46,"column":49}},"46":{"start":{"line":47,"column":0},"end":{"line":47,"column":45}},"47":{"start":{"line":48,"column":0},"end":{"line":48,"column":6}},"48":{"start":{"line":49,"column":0},"end":{"line":49,"column":31}},"50":{"start":{"line":51,"column":0},"end":{"line":51,"column":19}},"51":{"start":{"line":52,"column":0},"end":{"line":52,"column":71}},"52":{"start":{"line":53,"column":0},"end":{"line":53,"column":29}},"54":{"start":{"line":55,"column":0},"end":{"line":55,"column":10}},"55":{"start":{"line":56,"column":0},"end":{"line":56,"column":60}},"56":{"start":{"line":57,"column":0},"end":{"line":57,"column":53}},"57":{"start":{"line":58,"column":0},"end":{"line":58,"column":49}},"58":{"start":{"line":59,"column":0},"end":{"line":59,"column":102}},"59":{"start":{"line":60,"column":0},"end":{"line":60,"column":158}},"60":{"start":{"line":61,"column":0},"end":{"line":61,"column":18}},"61":{"start":{"line":62,"column":0},"end":{"line":62,"column":255}},"62":{"start":{"line":63,"column":0},"end":{"line":63,"column":12}},"63":{"start":{"line":64,"column":0},"end":{"line":64,"column":44}},"64":{"start":{"line":65,"column":0},"end":{"line":65,"column":68}},"65":{"start":{"line":66,"column":0},"end":{"line":66,"column":120}},"66":{"start":{"line":67,"column":0},"end":{"line":67,"column":224}},"67":{"start":{"line":68,"column":0},"end":{"line":68,"column":339}},"68":{"start":{"line":69,"column":0},"end":{"line":69,"column":12}},"69":{"start":{"line":70,"column":0},"end":{"line":70,"column":214}},"70":{"start":{"line":71,"column":0},"end":{"line":71,"column":14}},"72":{"start":{"line":73,"column":0},"end":{"line":73,"column":1}}},"s":{"0":0,"1":0,"2":0,"3":0,"4":0,"6":0,"7":0,"9":0,"10":0,"11":0,"12":0,"13":0,"14":0,"15":0,"18":0,"19":0,"20":0,"21":0,"22":0,"23":0,"24":0,"25":0,"26":0,"27":0,"28":0,"29":0,"30":0,"31":0,"32":0,"34":0,"35":0,"37":0,"38":0,"39":0,"40":0,"41":0,"42":0,"43":0,"44":0,"45":0,"46":0,"47":0,"48":0,"50":0,"51":0,"52":0,"54":0,"55":0,"56":0,"57":0,"58":0,"59":0,"60":0,"61":0,"62":0,"63":0,"64":0,"65":0,"66":0,"67":0,"68":0,"69":0,"70":0,"72":0},"branchMap":{"0":{"type":"branch","line":1,"loc":{"start":{"line":1,"column":4325},"end":{"line":73,"column":1}},"locations":[{"start":{"line":1,"column":4325},"end":{"line":73,"column":1}}]}},"b":{"0":[0]},"fnMap":{"0":{"name":"(empty-report)","decl":{"start":{"line":1,"column":4325},"end":{"line":73,"column":1}},"loc":{"start":{"line":1,"column":4325},"end":{"line":73,"column":1}},"line":1}},"f":{"0":0}}
,"/workspace/src/components/experience/RouteExperience.jsx": {"path":"/workspace/src/components/experience/RouteExperience.jsx","all":true,"statementMap":{"0":{"start":{"line":1,"column":0},"end":{"line":1,"column":42}},"1":{"start":{"line":2,"column":0},"end":{"line":2,"column":47}},"3":{"start":{"line":4,"column":0},"end":{"line":4,"column":55}},"4":{"start":{"line":5,"column":0},"end":{"line":5,"column":33}},"5":{"start":{"line":6,"column":0},"end":{"line":6,"column":32}},"6":{"start":{"line":7,"column":0},"end":{"line":7,"column":34}},"8":{"start":{"line":9,"column":0},"end":{"line":9,"column":19}},"9":{"start":{"line":10,"column":0},"end":{"line":10,"column":60}},"10":{"start":{"line":11,"column":0},"end":{"line":11,"column":48}},"14":{"start":{"line":15,"column":0},"end":{"line":15,"column":29}},"15":{"start":{"line":16,"column":0},"end":{"line":16,"column":33}},"16":{"start":{"line":17,"column":0},"end":{"line":17,"column":13}},"17":{"start":{"line":18,"column":0},"end":{"line":18,"column":5}},"19":{"start":{"line":20,"column":0},"end":{"line":20,"column":35}},"20":{"start":{"line":21,"column":0},"end":{"line":21,"column":16}},"21":{"start":{"line":22,"column":0},"end":{"line":22,"column":44}},"22":{"start":{"line":23,"column":0},"end":{"line":23,"column":70}},"23":{"start":{"line":24,"column":0},"end":{"line":24,"column":5}},"25":{"start":{"line":26,"column":0},"end":{"line":26,"column":49}},"26":{"start":{"line":27,"column":0},"end":{"line":27,"column":18}},"27":{"start":{"line":28,"column":0},"end":{"line":28,"column":28}},"28":{"start":{"line":29,"column":0},"end":{"line":29,"column":45}},"29":{"start":{"line":30,"column":0},"end":{"line":30,"column":5}},"30":{"start":{"line":31,"column":0},"end":{"line":31,"column":26}},"32":{"start":{"line":33,"column":0},"end":{"line":33,"column":10}},"33":{"start":{"line":34,"column":0},"end":{"line":34,"column":6}},"34":{"start":{"line":35,"column":0},"end":{"line":35,"column":73}},"35":{"start":{"line":36,"column":0},"end":{"line":36,"column":74}},"36":{"start":{"line":37,"column":0},"end":{"line":37,"column":18}},"37":{"start":{"line":38,"column":0},"end":{"line":38,"column":12}},"38":{"start":{"line":39,"column":0},"end":{"line":39,"column":7}},"40":{"start":{"line":41,"column":0},"end":{"line":41,"column":1}}},"s":{"0":0,"1":0,"3":0,"4":0,"5":0,"6":0,"8":0,"9":0,"10":0,"14":0,"15":0,"16":0,"17":0,"19":0,"20":0,"21":0,"22":0,"23":0,"25":0,"26":0,"27":0,"28":0,"29":0,"30":0,"32":0,"33":0,"34":0,"35":0,"36":0,"37":0,"38":0,"40":0},"branchMap":{"0":{"type":"branch","line":1,"loc":{"start":{"line":1,"column":1190},"end":{"line":41,"column":1}},"locations":[{"start":{"line":1,"column":1190},"end":{"line":41,"column":1}}]}},"b":{"0":[0]},"fnMap":{"0":{"name":"(empty-report)","decl":{"start":{"line":1,"column":1190},"end":{"line":41,"column":1}},"loc":{"start":{"line":1,"column":1190},"end":{"line":41,"column":1}},"line":1}},"f":{"0":0}}
,"/workspace/src/components/experience/SpecBlock.jsx": {"path":"/workspace/src/components/experience/SpecBlock.jsx","all":false,"statementMap":{"14":{"start":{"line":15,"column":0},"end":{"line":15,"column":78}},"15":{"start":{"line":16,"column":0},"end":{"line":16,"column":10}},"16":{"start":{"line":17,"column":0},"end":{"line":17,"column":37}},"17":{"start":{"line":18,"column":0},"end":{"line":18,"column":85}},"18":{"start":{"line":19,"column":0},"end":{"line":19,"column":13}},"19":{"start":{"line":20,"column":0},"end":{"line":20,"column":28}},"20":{"start":{"line":21,"column":0},"end":{"line":21,"column":30}},"21":{"start":{"line":22,"column":0},"end":{"line":22,"column":44}},"22":{"start":{"line":23,"column":0},"end":{"line":23,"column":32}},"23":{"start":{"line":24,"column":0},"end":{"line":24,"column":15}},"24":{"start":{"line":25,"column":0},"end":{"line":25,"column":11}},"25":{"start":{"line":26,"column":0},"end":{"line":26,"column":14}},"26":{"start":{"line":27,"column":0},"end":{"line":27,"column":12}},"28":{"start":{"line":29,"column":0},"end":{"line":29,"column":1}}},"s":{"14":11,"15":11,"16":11,"17":11,"18":11,"19":11,"20":42,"21":42,"22":42,"23":42,"24":11,"25":11,"26":11,"28":11},"branchMap":{"0":{"type":"branch","line":15,"loc":{"start":{"line":15,"column":0},"end":{"line":29,"column":1}},"locations":[{"start":{"line":15,"column":0},"end":{"line":29,"column":1}}]},"1":{"type":"branch","line":18,"loc":{"start":{"line":18,"column":26},"end":{"line":18,"column":55}},"locations":[{"start":{"line":18,"column":26},"end":{"line":18,"column":55}}]},"2":{"type":"branch","line":18,"loc":{"start":{"line":18,"column":43},"end":{"line":18,"column":67}},"locations":[{"start":{"line":18,"column":43},"end":{"line":18,"column":67}}]},"3":{"type":"branch","line":20,"loc":{"start":{"line":20,"column":18},"end":{"line":24,"column":15}},"locations":[{"start":{"line":20,"column":18},"end":{"line":24,"column":15}}]}},"b":{"0":[11],"1":[7],"2":[4],"3":[42]},"fnMap":{"0":{"name":"SpecBlock","decl":{"start":{"line":15,"column":0},"end":{"line":29,"column":1}},"loc":{"start":{"line":15,"column":0},"end":{"line":29,"column":1}},"line":15}},"f":{"0":11}}
,"/workspace/src/components/experience/Stamp.jsx": {"path":"/workspace/src/components/experience/Stamp.jsx","all":false,"statementMap":{"0":{"start":{"line":1,"column":0},"end":{"line":1,"column":65}},"11":{"start":{"line":12,"column":0},"end":{"line":12,"column":75}},"12":{"start":{"line":13,"column":0},"end":{"line":13,"column":59}},"13":{"start":{"line":14,"column":0},"end":{"line":14,"column":74}},"14":{"start":{"line":15,"column":0},"end":{"line":15,"column":10}},"15":{"start":{"line":16,"column":0},"end":{"line":16,"column":65}},"16":{"start":{"line":17,"column":0},"end":{"line":17,"column":64}},"17":{"start":{"line":18,"column":0},"end":{"line":18,"column":16}},"18":{"start":{"line":19,"column":0},"end":{"line":19,"column":11}},"20":{"start":{"line":21,"column":0},"end":{"line":21,"column":1}}},"s":{"0":1,"11":10,"12":10,"13":10,"14":10,"15":10,"16":10,"17":10,"18":10,"20":10},"branchMap":{"0":{"type":"branch","line":12,"loc":{"start":{"line":12,"column":0},"end":{"line":21,"column":1}},"locations":[{"start":{"line":12,"column":0},"end":{"line":21,"column":1}}]},"1":{"type":"branch","line":13,"loc":{"start":{"line":13,"column":38},"end":{"line":13,"column":49}},"locations":[{"start":{"line":13,"column":38},"end":{"line":13,"column":49}}]},"2":{"type":"branch","line":13,"loc":{"start":{"line":13,"column":42},"end":{"line":13,"column":59}},"locations":[{"start":{"line":13,"column":42},"end":{"line":13,"column":59}}]},"3":{"type":"branch","line":14,"loc":{"start":{"line":14,"column":32},"end":{"line":14,"column":49}},"locations":[{"start":{"line":14,"column":32},"end":{"line":14,"column":49}}]},"4":{"type":"branch","line":14,"loc":{"start":{"line":14,"column":44},"end":{"line":14,"column":74}},"locations":[{"start":{"line":14,"column":44},"end":{"line":14,"column":74}}]},"5":{"type":"branch","line":17,"loc":{"start":{"line":17,"column":7},"end":{"line":17,"column":64}},"locations":[{"start":{"line":17,"column":7},"end":{"line":17,"column":64}}]}},"b":{"0":[10],"1":[9],"2":[1],"3":[2],"4":[8],"5":[9]},"fnMap":{"0":{"name":"Stamp","decl":{"start":{"line":12,"column":0},"end":{"line":21,"column":1}},"loc":{"start":{"line":12,"column":0},"end":{"line":21,"column":1}},"line":12}},"f":{"0":10}}
,"/workspace/src/hooks/useDeviceCapability.js": {"path":"/workspace/src/hooks/useDeviceCapability.js","all":false,"statementMap":{"0":{"start":{"line":1,"column":0},"end":{"line":1,"column":67}},"2":{"start":{"line":3,"column":0},"end":{"line":3,"column":54}},"4":{"start":{"line":5,"column":0},"end":{"line":5,"column":58}},"6":{"start":{"line":7,"column":0},"end":{"line":7,"column":3}},"7":{"start":{"line":8,"column":0},"end":{"line":8,"column":46}},"8":{"start":{"line":9,"column":0},"end":{"line":9,"column":2}},"9":{"start":{"line":10,"column":0},"end":{"line":10,"column":23}},"10":{"start":{"line":11,"column":0},"end":{"line":11,"column":51}},"11":{"start":{"line":12,"column":0},"end":{"line":12,"column":54}},"12":{"start":{"line":13,"column":0},"end":{"line":13,"column":2}},"13":{"start":{"line":14,"column":0},"end":{"line":14,"column":70}},"14":{"start":{"line":15,"column":0},"end":{"line":15,"column":73}},"15":{"start":{"line":16,"column":0},"end":{"line":16,"column":2}},"16":{"start":{"line":17,"column":0},"end":{"line":17,"column":21}},"17":{"start":{"line":18,"column":0},"end":{"line":18,"column":25}},"18":{"start":{"line":19,"column":0},"end":{"line":19,"column":3}},"19":{"start":{"line":20,"column":0},"end":{"line":20,"column":44}},"20":{"start":{"line":21,"column":0},"end":{"line":21,"column":27}},"21":{"start":{"line":22,"column":0},"end":{"line":22,"column":45}},"22":{"start":{"line":23,"column":0},"end":{"line":23,"column":50}},"23":{"start":{"line":24,"column":0},"end":{"line":24,"column":56}},"24":{"start":{"line":25,"column":0},"end":{"line":25,"column":63}},"26":{"start":{"line":27,"column":0},"end":{"line":27,"column":47}},"27":{"start":{"line":28,"column":0},"end":{"line":28,"column":43}},"28":{"start":{"line":29,"column":0},"end":{"line":29,"column":41}},"29":{"start":{"line":30,"column":0},"end":{"line":30,"column":54}},"30":{"start":{"line":31,"column":0},"end":{"line":31,"column":43}},"31":{"start":{"line":32,"column":0},"end":{"line":32,"column":13}},"32":{"start":{"line":33,"column":0},"end":{"line":33,"column":1}},"34":{"start":{"line":35,"column":0},"end":{"line":35,"column":3}},"35":{"start":{"line":36,"column":0},"end":{"line":36,"column":79}},"36":{"start":{"line":37,"column":0},"end":{"line":37,"column":42}},"37":{"start":{"line":38,"column":0},"end":{"line":38,"column":2}},"38":{"start":{"line":39,"column":0},"end":{"line":39,"column":78}},"39":{"start":{"line":40,"column":0},"end":{"line":40,"column":77}},"40":{"start":{"line":41,"column":0},"end":{"line":41,"column":77}},"41":{"start":{"line":42,"column":0},"end":{"line":42,"column":64}},"42":{"start":{"line":43,"column":0},"end":{"line":43,"column":2}},"43":{"start":{"line":44,"column":0},"end":{"line":44,"column":25}},"44":{"start":{"line":45,"column":0},"end":{"line":45,"column":3}},"45":{"start":{"line":46,"column":0},"end":{"line":46,"column":39}},"46":{"start":{"line":47,"column":0},"end":{"line":47,"column":40}},"48":{"start":{"line":49,"column":0},"end":{"line":49,"column":19}},"49":{"start":{"line":50,"column":0},"end":{"line":50,"column":65}},"50":{"start":{"line":51,"column":0},"end":{"line":51,"column":22}},"51":{"start":{"line":52,"column":0},"end":{"line":52,"column":74}},"52":{"start":{"line":53,"column":0},"end":{"line":53,"column":9}},"54":{"start":{"line":55,"column":0},"end":{"line":55,"column":14}},"55":{"start":{"line":56,"column":0},"end":{"line":56,"column":1}}},"s":{"0":1,"2":1,"4":1,"6":1,"7":1,"8":1,"9":1,"10":1,"11":1,"12":1,"13":1,"14":1,"15":1,"16":1,"17":1,"18":1,"19":1,"20":18,"21":18,"22":18,"23":18,"24":18,"26":18,"27":18,"28":18,"29":18,"30":18,"31":11,"32":11,"34":1,"35":1,"36":1,"37":1,"38":1,"39":1,"40":1,"41":1,"42":1,"43":1,"44":1,"45":1,"46":4,"48":4,"49":4,"50":4,"51":4,"52":4,"54":4,"55":4},"branchMap":{"0":{"type":"branch","line":20,"loc":{"start":{"line":20,"column":7},"end":{"line":33,"column":1}},"locations":[{"start":{"line":20,"column":7},"end":{"line":33,"column":1}}]},"1":{"type":"branch","line":21,"loc":{"start":{"line":21,"column":21},"end":{"line":21,"column":26}},"locations":[{"start":{"line":21,"column":21},"end":{"line":21,"column":26}}]},"2":{"type":"branch","line":22,"loc":{"start":{"line":22,"column":39},"end":{"line":22,"column":44}},"locations":[{"start":{"line":22,"column":39},"end":{"line":22,"column":44}}]},"3":{"type":"branch","line":23,"loc":{"start":{"line":23,"column":45},"end":{"line":23,"column":49}},"locations":[{"start":{"line":23,"column":45},"end":{"line":23,"column":49}}]},"4":{"type":"branch","line":24,"loc":{"start":{"line":24,"column":51},"end":{"line":24,"column":55}},"locations":[{"start":{"line":24,"column":51},"end":{"line":24,"column":55}}]},"5":{"type":"branch","line":25,"loc":{"start":{"line":25,"column":56},"end":{"line":25,"column":61}},"locations":[{"start":{"line":25,"column":56},"end":{"line":25,"column":61}}]},"6":{"type":"branch","line":27,"loc":{"start":{"line":27,"column":36},"end":{"line":27,"column":47}},"locations":[{"start":{"line":27,"column":36},"end":{"line":27,"column":47}}]},"7":{"type":"branch","line":27,"loc":{"start":{"line":27,"column":46},"end":{"line":28,"column":17}},"locations":[{"start":{"line":27,"column":46},"end":{"line":28,"column":17}}]},"8":{"type":"branch","line":28,"loc":{"start":{"line":28,"column":17},"end":{"line":28,"column":30}},"locations":[{"start":{"line":28,"column":17},"end":{"line":28,"column":30}}]},"9":{"type":"branch","line":28,"loc":{"start":{"line":28,"column":32},"end":{"line":28,"column":43}},"locations":[{"start":{"line":28,"column":32},"end":{"line":28,"column":43}}]},"10":{"type":"branch","line":28,"loc":{"start":{"line":28,"column":42},"end":{"line":29,"column":16}},"locations":[{"start":{"line":28,"column":42},"end":{"line":29,"column":16}}]},"11":{"type":"branch","line":29,"loc":{"start":{"line":29,"column":16},"end":{"line":29,"column":28}},"locations":[{"start":{"line":29,"column":16},"end":{"line":29,"column":28}}]},"12":{"type":"branch","line":29,"loc":{"start":{"line":29,"column":30},"end":{"line":29,"column":41}},"locations":[{"start":{"line":29,"column":30},"end":{"line":29,"column":41}}]},"13":{"type":"branch","line":29,"loc":{"start":{"line":29,"column":40},"end":{"line":30,"column":43}},"locations":[{"start":{"line":29,"column":40},"end":{"line":30,"column":43}}]},"14":{"type":"branch","line":30,"loc":{"start":{"line":30,"column":43},"end":{"line":30,"column":54}},"locations":[{"start":{"line":30,"column":43},"end":{"line":30,"column":54}}]},"15":{"type":"branch","line":30,"loc":{"start":{"line":30,"column":53},"end":{"line":31,"column":17}},"locations":[{"start":{"line":30,"column":53},"end":{"line":31,"column":17}}]},"16":{"type":"branch","line":31,"loc":{"start":{"line":31,"column":17},"end":{"line":31,"column":30}},"locations":[{"start":{"line":31,"column":17},"end":{"line":31,"column":30}}]},"17":{"type":"branch","line":31,"loc":{"start":{"line":31,"column":32},"end":{"line":31,"column":43}},"locations":[{"start":{"line":31,"column":32},"end":{"line":31,"column":43}}]},"18":{"type":"branch","line":31,"loc":{"start":{"line":31,"column":42},"end":{"line":33,"column":1}},"locations":[{"start":{"line":31,"column":42},"end":{"line":33,"column":1}}]},"19":{"type":"branch","line":46,"loc":{"start":{"line":46,"column":7},"end":{"line":56,"column":1}},"locations":[{"start":{"line":46,"column":7},"end":{"line":56,"column":1}}]},"20":{"type":"branch","line":49,"loc":{"start":{"line":49,"column":12},"end":{"line":53,"column":3}},"locations":[{"start":{"line":49,"column":12},"end":{"line":53,"column":3}}]}},"b":{"0":[18],"1":[1],"2":[12],"3":[8],"4":[10],"5":[14],"6":[1],"7":[17],"8":[9],"9":[1],"10":[16],"11":[8],"12":[1],"13":[15],"14":[3],"15":[12],"16":[4],"17":[1],"18":[11],"19":[4],"20":[4]},"fnMap":{"0":{"name":"resolveCapabilityTier","decl":{"start":{"line":20,"column":7},"end":{"line":33,"column":1}},"loc":{"start":{"line":20,"column":7},"end":{"line":33,"column":1}},"line":20},"1":{"name":"useDeviceCapability","decl":{"start":{"line":46,"column":7},"end":{"line":56,"column":1}},"loc":{"start":{"line":46,"column":7},"end":{"line":56,"column":1}},"line":46}},"f":{"0":18,"1":4}}
,"/workspace/src/pages/LabHomePage.jsx": {"path":"/workspace/src/pages/LabHomePage.jsx","all":false,"statementMap":{"0":{"start":{"line":1,"column":0},"end":{"line":1,"column":40}},"1":{"start":{"line":2,"column":0},"end":{"line":2,"column":43}},"2":{"start":{"line":3,"column":0},"end":{"line":3,"column":55}},"3":{"start":{"line":4,"column":0},"end":{"line":4,"column":59}},"4":{"start":{"line":5,"column":0},"end":{"line":5,"column":51}},"5":{"start":{"line":6,"column":0},"end":{"line":6,"column":67}},"6":{"start":{"line":7,"column":0},"end":{"line":7,"column":57}},"7":{"start":{"line":8,"column":0},"end":{"line":8,"column":33}},"8":{"start":{"line":9,"column":0},"end":{"line":9,"column":52}},"9":{"start":{"line":10,"column":0},"end":{"line":10,"column":48}},"10":{"start":{"line":11,"column":0},"end":{"line":11,"column":61}},"13":{"start":{"line":14,"column":0},"end":{"line":14,"column":32}},"28":{"start":{"line":29,"column":0},"end":{"line":29,"column":35}},"30":{"start":{"line":31,"column":0},"end":{"line":31,"column":87}},"32":{"start":{"line":33,"column":0},"end":{"line":33,"column":21}},"33":{"start":{"line":34,"column":0},"end":{"line":34,"column":50}},"34":{"start":{"line":35,"column":0},"end":{"line":35,"column":53}},"35":{"start":{"line":36,"column":0},"end":{"line":36,"column":51}},"36":{"start":{"line":37,"column":0},"end":{"line":37,"column":64}},"37":{"start":{"line":38,"column":0},"end":{"line":38,"column":44}},"38":{"start":{"line":39,"column":0},"end":{"line":39,"column":2}},"40":{"start":{"line":41,"column":0},"end":{"line":41,"column":90}},"42":{"start":{"line":43,"column":0},"end":{"line":43,"column":22}},"43":{"start":{"line":44,"column":0},"end":{"line":44,"column":10}},"44":{"start":{"line":45,"column":0},"end":{"line":45,"column":49}},"45":{"start":{"line":46,"column":0},"end":{"line":46,"column":10}},"46":{"start":{"line":47,"column":0},"end":{"line":47,"column":32}},"47":{"start":{"line":48,"column":0},"end":{"line":48,"column":31}},"48":{"start":{"line":49,"column":0},"end":{"line":49,"column":19}},"49":{"start":{"line":50,"column":0},"end":{"line":50,"column":29}},"50":{"start":{"line":51,"column":0},"end":{"line":51,"column":23}},"51":{"start":{"line":52,"column":0},"end":{"line":52,"column":41}},"55":{"start":{"line":56,"column":0},"end":{"line":56,"column":59}},"56":{"start":{"line":57,"column":0},"end":{"line":57,"column":55}},"57":{"start":{"line":58,"column":0},"end":{"line":58,"column":44}},"58":{"start":{"line":59,"column":0},"end":{"line":59,"column":45}},"59":{"start":{"line":60,"column":0},"end":{"line":60,"column":35}},"60":{"start":{"line":61,"column":0},"end":{"line":61,"column":33}},"61":{"start":{"line":62,"column":0},"end":{"line":62,"column":35}},"62":{"start":{"line":63,"column":0},"end":{"line":63,"column":54}},"63":{"start":{"line":64,"column":0},"end":{"line":64,"column":58}},"64":{"start":{"line":65,"column":0},"end":{"line":65,"column":45}},"65":{"start":{"line":66,"column":0},"end":{"line":66,"column":12}},"66":{"start":{"line":67,"column":0},"end":{"line":67,"column":10}},"68":{"start":{"line":69,"column":0},"end":{"line":69,"column":1}},"70":{"start":{"line":71,"column":0},"end":{"line":71,"column":39}},"71":{"start":{"line":72,"column":0},"end":{"line":72,"column":33}},"72":{"start":{"line":73,"column":0},"end":{"line":73,"column":43}},"74":{"start":{"line":75,"column":0},"end":{"line":75,"column":24}},"75":{"start":{"line":76,"column":0},"end":{"line":76,"column":5}},"76":{"start":{"line":77,"column":0},"end":{"line":77,"column":77}},"77":{"start":{"line":78,"column":0},"end":{"line":78,"column":19}},"78":{"start":{"line":79,"column":0},"end":{"line":79,"column":84}},"79":{"start":{"line":80,"column":0},"end":{"line":80,"column":83}},"80":{"start":{"line":81,"column":0},"end":{"line":81,"column":9}},"81":{"start":{"line":82,"column":0},"end":{"line":82,"column":6}},"82":{"start":{"line":83,"column":0},"end":{"line":83,"column":5}},"83":{"start":{"line":84,"column":0},"end":{"line":84,"column":66}},"84":{"start":{"line":85,"column":0},"end":{"line":85,"column":19}},"85":{"start":{"line":86,"column":0},"end":{"line":86,"column":87}},"86":{"start":{"line":87,"column":0},"end":{"line":87,"column":88}},"87":{"start":{"line":88,"column":0},"end":{"line":88,"column":9}},"88":{"start":{"line":89,"column":0},"end":{"line":89,"column":6}},"89":{"start":{"line":90,"column":0},"end":{"line":90,"column":5}},"90":{"start":{"line":91,"column":0},"end":{"line":91,"column":66}},"91":{"start":{"line":92,"column":0},"end":{"line":92,"column":19}},"92":{"start":{"line":93,"column":0},"end":{"line":93,"column":85}},"93":{"start":{"line":94,"column":0},"end":{"line":94,"column":86}},"94":{"start":{"line":95,"column":0},"end":{"line":95,"column":9}},"95":{"start":{"line":96,"column":0},"end":{"line":96,"column":6}},"96":{"start":{"line":97,"column":0},"end":{"line":97,"column":5}},"97":{"start":{"line":98,"column":0},"end":{"line":98,"column":79}},"98":{"start":{"line":99,"column":0},"end":{"line":99,"column":84}},"99":{"start":{"line":100,"column":0},"end":{"line":100,"column":6}},"100":{"start":{"line":101,"column":0},"end":{"line":101,"column":5}},"101":{"start":{"line":102,"column":0},"end":{"line":102,"column":78}},"102":{"start":{"line":103,"column":0},"end":{"line":103,"column":86}},"103":{"start":{"line":104,"column":0},"end":{"line":104,"column":6}},"104":{"start":{"line":105,"column":0},"end":{"line":105,"column":4}},"106":{"start":{"line":107,"column":0},"end":{"line":107,"column":20}},"107":{"start":{"line":108,"column":0},"end":{"line":108,"column":5}},"108":{"start":{"line":109,"column":0},"end":{"line":109,"column":66}},"109":{"start":{"line":110,"column":0},"end":{"line":110,"column":52}},"110":{"start":{"line":111,"column":0},"end":{"line":111,"column":6}},"111":{"start":{"line":112,"column":0},"end":{"line":112,"column":5}},"112":{"start":{"line":113,"column":0},"end":{"line":113,"column":71}},"113":{"start":{"line":114,"column":0},"end":{"line":114,"column":52}},"114":{"start":{"line":115,"column":0},"end":{"line":115,"column":6}},"115":{"start":{"line":116,"column":0},"end":{"line":116,"column":5}},"116":{"start":{"line":117,"column":0},"end":{"line":117,"column":80}},"117":{"start":{"line":118,"column":0},"end":{"line":118,"column":14}},"118":{"start":{"line":119,"column":0},"end":{"line":119,"column":36}},"119":{"start":{"line":120,"column":0},"end":{"line":120,"column":73}},"120":{"start":{"line":121,"column":0},"end":{"line":121,"column":15}},"122":{"start":{"line":123,"column":0},"end":{"line":123,"column":6}},"123":{"start":{"line":124,"column":0},"end":{"line":124,"column":5}},"124":{"start":{"line":125,"column":0},"end":{"line":125,"column":51}},"125":{"start":{"line":126,"column":0},"end":{"line":126,"column":91}},"126":{"start":{"line":127,"column":0},"end":{"line":127,"column":6}},"127":{"start":{"line":128,"column":0},"end":{"line":128,"column":4}},"129":{"start":{"line":130,"column":0},"end":{"line":130,"column":22}},"130":{"start":{"line":131,"column":0},"end":{"line":131,"column":5}},"131":{"start":{"line":132,"column":0},"end":{"line":132,"column":67}},"132":{"start":{"line":133,"column":0},"end":{"line":133,"column":19}},"133":{"start":{"line":134,"column":0},"end":{"line":134,"column":52}},"134":{"start":{"line":135,"column":0},"end":{"line":135,"column":55}},"135":{"start":{"line":136,"column":0},"end":{"line":136,"column":9}},"136":{"start":{"line":137,"column":0},"end":{"line":137,"column":6}},"137":{"start":{"line":138,"column":0},"end":{"line":138,"column":5}},"138":{"start":{"line":139,"column":0},"end":{"line":139,"column":70}},"139":{"start":{"line":140,"column":0},"end":{"line":140,"column":19}},"140":{"start":{"line":141,"column":0},"end":{"line":141,"column":53}},"141":{"start":{"line":142,"column":0},"end":{"line":142,"column":58}},"142":{"start":{"line":143,"column":0},"end":{"line":143,"column":9}},"143":{"start":{"line":144,"column":0},"end":{"line":144,"column":6}},"144":{"start":{"line":145,"column":0},"end":{"line":145,"column":5}},"145":{"start":{"line":146,"column":0},"end":{"line":146,"column":61}},"146":{"start":{"line":147,"column":0},"end":{"line":147,"column":19}},"147":{"start":{"line":148,"column":0},"end":{"line":148,"column":54}},"148":{"start":{"line":149,"column":0},"end":{"line":149,"column":60}},"149":{"start":{"line":150,"column":0},"end":{"line":150,"column":9}},"150":{"start":{"line":151,"column":0},"end":{"line":151,"column":6}},"151":{"start":{"line":152,"column":0},"end":{"line":152,"column":5}},"152":{"start":{"line":153,"column":0},"end":{"line":153,"column":65}},"153":{"start":{"line":154,"column":0},"end":{"line":154,"column":78}},"154":{"start":{"line":155,"column":0},"end":{"line":155,"column":6}},"155":{"start":{"line":156,"column":0},"end":{"line":156,"column":4}},"157":{"start":{"line":158,"column":0},"end":{"line":158,"column":10}},"158":{"start":{"line":159,"column":0},"end":{"line":159,"column":97}},"159":{"start":{"line":160,"column":0},"end":{"line":160,"column":10}},"160":{"start":{"line":161,"column":0},"end":{"line":161,"column":76}},"161":{"start":{"line":162,"column":0},"end":{"line":162,"column":77}},"162":{"start":{"line":163,"column":0},"end":{"line":163,"column":24}},"163":{"start":{"line":164,"column":0},"end":{"line":164,"column":15}},"164":{"start":{"line":165,"column":0},"end":{"line":165,"column":8}},"167":{"start":{"line":168,"column":0},"end":{"line":168,"column":42}},"170":{"start":{"line":171,"column":0},"end":{"line":171,"column":78}},"171":{"start":{"line":172,"column":0},"end":{"line":172,"column":21}},"172":{"start":{"line":173,"column":0},"end":{"line":173,"column":52}},"173":{"start":{"line":174,"column":0},"end":{"line":174,"column":52}},"174":{"start":{"line":175,"column":0},"end":{"line":175,"column":118}},"175":{"start":{"line":176,"column":0},"end":{"line":176,"column":61}},"176":{"start":{"line":177,"column":0},"end":{"line":177,"column":57}},"177":{"start":{"line":178,"column":0},"end":{"line":178,"column":84}},"178":{"start":{"line":179,"column":0},"end":{"line":179,"column":17}},"179":{"start":{"line":180,"column":0},"end":{"line":180,"column":35}},"180":{"start":{"line":181,"column":0},"end":{"line":181,"column":21}},"181":{"start":{"line":182,"column":0},"end":{"line":182,"column":121}},"182":{"start":{"line":183,"column":0},"end":{"line":183,"column":91}},"183":{"start":{"line":184,"column":0},"end":{"line":184,"column":17}},"184":{"start":{"line":185,"column":0},"end":{"line":185,"column":16}},"185":{"start":{"line":186,"column":0},"end":{"line":186,"column":40}},"186":{"start":{"line":187,"column":0},"end":{"line":187,"column":66}},"187":{"start":{"line":188,"column":0},"end":{"line":188,"column":51}},"188":{"start":{"line":189,"column":0},"end":{"line":189,"column":21}},"189":{"start":{"line":190,"column":0},"end":{"line":190,"column":73}},"190":{"start":{"line":191,"column":0},"end":{"line":191,"column":55}},"191":{"start":{"line":192,"column":0},"end":{"line":192,"column":21}},"192":{"start":{"line":193,"column":0},"end":{"line":193,"column":75}},"193":{"start":{"line":194,"column":0},"end":{"line":194,"column":74}},"194":{"start":{"line":195,"column":0},"end":{"line":195,"column":21}},"195":{"start":{"line":196,"column":0},"end":{"line":196,"column":18}},"196":{"start":{"line":197,"column":0},"end":{"line":197,"column":62}},"197":{"start":{"line":198,"column":0},"end":{"line":198,"column":47}},"198":{"start":{"line":199,"column":0},"end":{"line":199,"column":16}},"199":{"start":{"line":200,"column":0},"end":{"line":200,"column":16}},"200":{"start":{"line":201,"column":0},"end":{"line":201,"column":14}},"201":{"start":{"line":202,"column":0},"end":{"line":202,"column":16}},"204":{"start":{"line":205,"column":0},"end":{"line":205,"column":130}},"205":{"start":{"line":206,"column":0},"end":{"line":206,"column":55}},"206":{"start":{"line":207,"column":0},"end":{"line":207,"column":34}},"207":{"start":{"line":208,"column":0},"end":{"line":208,"column":93}},"208":{"start":{"line":209,"column":0},"end":{"line":209,"column":14}},"209":{"start":{"line":210,"column":0},"end":{"line":210,"column":43}},"210":{"start":{"line":211,"column":0},"end":{"line":211,"column":71}},"211":{"start":{"line":212,"column":0},"end":{"line":212,"column":49}},"212":{"start":{"line":213,"column":0},"end":{"line":213,"column":22}},"213":{"start":{"line":214,"column":0},"end":{"line":214,"column":19}},"214":{"start":{"line":215,"column":0},"end":{"line":215,"column":15}},"215":{"start":{"line":216,"column":0},"end":{"line":216,"column":15}},"216":{"start":{"line":217,"column":0},"end":{"line":217,"column":14}},"217":{"start":{"line":218,"column":0},"end":{"line":218,"column":16}},"220":{"start":{"line":221,"column":0},"end":{"line":221,"column":70}},"221":{"start":{"line":222,"column":0},"end":{"line":222,"column":63}},"222":{"start":{"line":223,"column":0},"end":{"line":223,"column":52}},"223":{"start":{"line":224,"column":0},"end":{"line":224,"column":75}},"224":{"start":{"line":225,"column":0},"end":{"line":225,"column":58}},"225":{"start":{"line":226,"column":0},"end":{"line":226,"column":89}},"226":{"start":{"line":227,"column":0},"end":{"line":227,"column":17}},"227":{"start":{"line":228,"column":0},"end":{"line":228,"column":16}},"228":{"start":{"line":229,"column":0},"end":{"line":229,"column":48}},"229":{"start":{"line":230,"column":0},"end":{"line":230,"column":46}},"230":{"start":{"line":231,"column":0},"end":{"line":231,"column":19}},"231":{"start":{"line":232,"column":0},"end":{"line":232,"column":37}},"232":{"start":{"line":233,"column":0},"end":{"line":233,"column":47}},"233":{"start":{"line":234,"column":0},"end":{"line":234,"column":85}},"235":{"start":{"line":236,"column":0},"end":{"line":236,"column":85}},"236":{"start":{"line":237,"column":0},"end":{"line":237,"column":148}},"237":{"start":{"line":238,"column":0},"end":{"line":238,"column":92}},"238":{"start":{"line":239,"column":0},"end":{"line":239,"column":62}},"239":{"start":{"line":240,"column":0},"end":{"line":240,"column":25}},"240":{"start":{"line":241,"column":0},"end":{"line":241,"column":72}},"241":{"start":{"line":242,"column":0},"end":{"line":242,"column":65}},"242":{"start":{"line":243,"column":0},"end":{"line":243,"column":21}},"243":{"start":{"line":244,"column":0},"end":{"line":244,"column":23}},"244":{"start":{"line":245,"column":0},"end":{"line":245,"column":70}},"245":{"start":{"line":246,"column":0},"end":{"line":246,"column":21}},"246":{"start":{"line":247,"column":0},"end":{"line":247,"column":15}},"247":{"start":{"line":248,"column":0},"end":{"line":248,"column":16}},"248":{"start":{"line":249,"column":0},"end":{"line":249,"column":14}},"249":{"start":{"line":250,"column":0},"end":{"line":250,"column":16}},"252":{"start":{"line":253,"column":0},"end":{"line":253,"column":89}},"253":{"start":{"line":254,"column":0},"end":{"line":254,"column":58}},"254":{"start":{"line":255,"column":0},"end":{"line":255,"column":52}},"255":{"start":{"line":256,"column":0},"end":{"line":256,"column":103}},"256":{"start":{"line":257,"column":0},"end":{"line":257,"column":59}},"257":{"start":{"line":258,"column":0},"end":{"line":258,"column":63}},"258":{"start":{"line":259,"column":0},"end":{"line":259,"column":17}},"259":{"start":{"line":260,"column":0},"end":{"line":260,"column":35}},"260":{"start":{"line":261,"column":0},"end":{"line":261,"column":21}},"261":{"start":{"line":262,"column":0},"end":{"line":262,"column":197}},"262":{"start":{"line":263,"column":0},"end":{"line":263,"column":148}},"263":{"start":{"line":264,"column":0},"end":{"line":264,"column":17}},"264":{"start":{"line":265,"column":0},"end":{"line":265,"column":16}},"265":{"start":{"line":266,"column":0},"end":{"line":266,"column":66}},"266":{"start":{"line":267,"column":0},"end":{"line":267,"column":67}},"267":{"start":{"line":268,"column":0},"end":{"line":268,"column":19}},"268":{"start":{"line":269,"column":0},"end":{"line":269,"column":16}},"269":{"start":{"line":270,"column":0},"end":{"line":270,"column":50}},"270":{"start":{"line":271,"column":0},"end":{"line":271,"column":22}},"271":{"start":{"line":272,"column":0},"end":{"line":272,"column":85}},"272":{"start":{"line":273,"column":0},"end":{"line":273,"column":28}},"273":{"start":{"line":274,"column":0},"end":{"line":274,"column":33}},"274":{"start":{"line":275,"column":0},"end":{"line":275,"column":14}},"275":{"start":{"line":276,"column":0},"end":{"line":276,"column":16}},"276":{"start":{"line":277,"column":0},"end":{"line":277,"column":14}},"277":{"start":{"line":278,"column":0},"end":{"line":278,"column":16}},"280":{"start":{"line":281,"column":0},"end":{"line":281,"column":74}},"281":{"start":{"line":282,"column":0},"end":{"line":282,"column":47}},"282":{"start":{"line":283,"column":0},"end":{"line":283,"column":84}},"283":{"start":{"line":284,"column":0},"end":{"line":284,"column":94}},"284":{"start":{"line":285,"column":0},"end":{"line":285,"column":16}},"285":{"start":{"line":286,"column":0},"end":{"line":286,"column":67}},"286":{"start":{"line":287,"column":0},"end":{"line":287,"column":46}},"287":{"start":{"line":288,"column":0},"end":{"line":288,"column":99}},"288":{"start":{"line":289,"column":0},"end":{"line":289,"column":25}},"289":{"start":{"line":290,"column":0},"end":{"line":290,"column":26}},"290":{"start":{"line":291,"column":0},"end":{"line":291,"column":28}},"291":{"start":{"line":292,"column":0},"end":{"line":292,"column":30}},"292":{"start":{"line":293,"column":0},"end":{"line":293,"column":14}},"293":{"start":{"line":294,"column":0},"end":{"line":294,"column":45}},"294":{"start":{"line":295,"column":0},"end":{"line":295,"column":89}},"295":{"start":{"line":296,"column":0},"end":{"line":296,"column":16}},"296":{"start":{"line":297,"column":0},"end":{"line":297,"column":16}},"297":{"start":{"line":298,"column":0},"end":{"line":298,"column":52}},"298":{"start":{"line":299,"column":0},"end":{"line":299,"column":88}},"299":{"start":{"line":300,"column":0},"end":{"line":300,"column":62}},"300":{"start":{"line":301,"column":0},"end":{"line":301,"column":70}},"301":{"start":{"line":302,"column":0},"end":{"line":302,"column":17}},"302":{"start":{"line":303,"column":0},"end":{"line":303,"column":35}},"303":{"start":{"line":304,"column":0},"end":{"line":304,"column":21}},"304":{"start":{"line":305,"column":0},"end":{"line":305,"column":152}},"305":{"start":{"line":306,"column":0},"end":{"line":306,"column":113}},"306":{"start":{"line":307,"column":0},"end":{"line":307,"column":17}},"307":{"start":{"line":308,"column":0},"end":{"line":308,"column":16}},"308":{"start":{"line":309,"column":0},"end":{"line":309,"column":108}},"309":{"start":{"line":310,"column":0},"end":{"line":310,"column":69}},"310":{"start":{"line":311,"column":0},"end":{"line":311,"column":78}},"311":{"start":{"line":312,"column":0},"end":{"line":312,"column":19}},"312":{"start":{"line":313,"column":0},"end":{"line":313,"column":16}},"313":{"start":{"line":314,"column":0},"end":{"line":314,"column":14}},"314":{"start":{"line":315,"column":0},"end":{"line":315,"column":16}},"317":{"start":{"line":318,"column":0},"end":{"line":318,"column":14}},"318":{"start":{"line":319,"column":0},"end":{"line":319,"column":72}},"319":{"start":{"line":320,"column":0},"end":{"line":320,"column":98}},"321":{"start":{"line":322,"column":0},"end":{"line":322,"column":31}},"322":{"start":{"line":323,"column":0},"end":{"line":323,"column":17}},"323":{"start":{"line":324,"column":0},"end":{"line":324,"column":144}},"324":{"start":{"line":325,"column":0},"end":{"line":325,"column":110}},"325":{"start":{"line":326,"column":0},"end":{"line":326,"column":13}},"326":{"start":{"line":327,"column":0},"end":{"line":327,"column":12}},"327":{"start":{"line":328,"column":0},"end":{"line":328,"column":18}},"328":{"start":{"line":329,"column":0},"end":{"line":329,"column":75}},"329":{"start":{"line":330,"column":0},"end":{"line":330,"column":24}},"330":{"start":{"line":331,"column":0},"end":{"line":331,"column":25}},"331":{"start":{"line":332,"column":0},"end":{"line":332,"column":10}},"332":{"start":{"line":333,"column":0},"end":{"line":333,"column":71}},"333":{"start":{"line":334,"column":0},"end":{"line":334,"column":67}},"334":{"start":{"line":335,"column":0},"end":{"line":335,"column":15}},"335":{"start":{"line":336,"column":0},"end":{"line":336,"column":16}},"338":{"start":{"line":339,"column":0},"end":{"line":339,"column":91}},"339":{"start":{"line":340,"column":0},"end":{"line":340,"column":63}},"340":{"start":{"line":341,"column":0},"end":{"line":341,"column":42}},"341":{"start":{"line":342,"column":0},"end":{"line":342,"column":56}},"342":{"start":{"line":343,"column":0},"end":{"line":343,"column":89}},"343":{"start":{"line":344,"column":0},"end":{"line":344,"column":15}},"344":{"start":{"line":345,"column":0},"end":{"line":345,"column":33}},"345":{"start":{"line":346,"column":0},"end":{"line":346,"column":19}},"346":{"start":{"line":347,"column":0},"end":{"line":347,"column":218}},"347":{"start":{"line":348,"column":0},"end":{"line":348,"column":173}},"348":{"start":{"line":349,"column":0},"end":{"line":349,"column":15}},"349":{"start":{"line":350,"column":0},"end":{"line":350,"column":14}},"350":{"start":{"line":351,"column":0},"end":{"line":351,"column":33}},"351":{"start":{"line":352,"column":0},"end":{"line":352,"column":47}},"352":{"start":{"line":353,"column":0},"end":{"line":353,"column":14}},"353":{"start":{"line":354,"column":0},"end":{"line":354,"column":14}},"354":{"start":{"line":355,"column":0},"end":{"line":355,"column":16}},"355":{"start":{"line":356,"column":0},"end":{"line":356,"column":10}},"357":{"start":{"line":358,"column":0},"end":{"line":358,"column":1}}},"s":{"0":1,"1":1,"2":1,"3":1,"4":1,"5":1,"6":1,"7":1,"8":1,"9":1,"10":1,"13":1,"28":1,"30":1,"32":1,"33":1,"34":1,"35":1,"36":1,"37":1,"38":1,"40":1,"42":3,"43":3,"44":3,"45":3,"46":3,"47":3,"48":3,"49":3,"50":3,"51":3,"55":3,"56":3,"57":3,"58":3,"59":3,"60":3,"61":3,"62":3,"63":3,"64":3,"65":3,"66":3,"68":3,"70":3,"71":3,"72":3,"74":3,"75":3,"76":3,"77":3,"78":3,"79":3,"80":3,"81":3,"82":3,"83":3,"84":3,"85":3,"86":3,"87":3,"88":3,"89":3,"90":3,"91":3,"92":3,"93":3,"94":3,"95":3,"96":3,"97":3,"98":3,"99":3,"100":3,"101":3,"102":3,"103":3,"104":3,"106":3,"107":3,"108":3,"109":3,"110":3,"111":3,"112":3,"113":3,"114":3,"115":3,"116":3,"117":3,"118":3,"119":3,"120":3,"122":3,"123":3,"124":3,"125":3,"126":3,"127":3,"129":3,"130":3,"131":3,"132":3,"133":3,"134":3,"135":3,"136":3,"137":3,"138":3,"139":3,"140":3,"141":3,"142":3,"143":3,"144":3,"145":3,"146":3,"147":3,"148":3,"149":3,"150":3,"151":3,"152":3,"153":3,"154":3,"155":3,"157":3,"158":3,"159":3,"160":3,"161":3,"162":3,"163":3,"164":3,"167":3,"170":3,"171":3,"172":3,"173":3,"174":3,"175":3,"176":3,"177":3,"178":3,"179":3,"180":3,"181":3,"182":3,"183":3,"184":3,"185":3,"186":3,"187":3,"188":3,"189":3,"190":3,"191":3,"192":3,"193":3,"194":3,"195":3,"196":3,"197":3,"198":3,"199":3,"200":3,"201":3,"204":3,"205":3,"206":3,"207":3,"208":3,"209":3,"210":3,"211":12,"212":12,"213":12,"214":3,"215":3,"216":3,"217":3,"220":3,"221":3,"222":3,"223":3,"224":3,"225":3,"226":3,"227":3,"228":3,"229":3,"230":15,"231":15,"232":15,"233":15,"235":15,"236":15,"237":15,"238":15,"239":15,"240":15,"241":15,"242":15,"243":15,"244":15,"245":15,"246":3,"247":3,"248":3,"249":3,"252":3,"253":3,"254":3,"255":3,"256":3,"257":3,"258":3,"259":3,"260":3,"261":3,"262":3,"263":3,"264":3,"265":3,"266":3,"267":3,"268":3,"269":3,"270":3,"271":3,"272":3,"273":3,"274":3,"275":3,"276":3,"277":3,"280":3,"281":3,"282":3,"283":3,"284":3,"285":3,"286":3,"287":3,"288":3,"289":3,"290":3,"291":3,"292":3,"293":3,"294":3,"295":3,"296":3,"297":3,"298":3,"299":3,"300":3,"301":3,"302":3,"303":3,"304":3,"305":3,"306":3,"307":3,"308":3,"309":3,"310":3,"311":3,"312":3,"313":3,"314":3,"317":3,"318":3,"319":3,"321":3,"322":3,"323":3,"324":3,"325":3,"326":3,"327":3,"328":3,"329":3,"330":3,"331":3,"332":3,"333":3,"334":3,"335":3,"338":3,"339":3,"340":3,"341":3,"342":3,"343":3,"344":3,"345":3,"346":3,"347":3,"348":3,"349":3,"350":3,"351":3,"352":3,"353":3,"354":3,"355":3,"357":3},"branchMap":{"0":{"type":"branch","line":31,"loc":{"start":{"line":31,"column":38},"end":{"line":31,"column":85}},"locations":[{"start":{"line":31,"column":38},"end":{"line":31,"column":85}}]},"1":{"type":"branch","line":41,"loc":{"start":{"line":41,"column":19},"end":{"line":41,"column":90}},"locations":[{"start":{"line":41,"column":19},"end":{"line":41,"column":90}}]},"2":{"type":"branch","line":41,"loc":{"start":{"line":41,"column":54},"end":{"line":41,"column":80}},"locations":[{"start":{"line":41,"column":54},"end":{"line":41,"column":80}}]},"3":{"type":"branch","line":43,"loc":{"start":{"line":43,"column":0},"end":{"line":69,"column":1}},"locations":[{"start":{"line":43,"column":0},"end":{"line":69,"column":1}}]},"4":{"type":"branch","line":71,"loc":{"start":{"line":71,"column":0},"end":{"line":358,"column":1}},"locations":[{"start":{"line":71,"column":0},"end":{"line":358,"column":1}}]},"5":{"type":"branch","line":211,"loc":{"start":{"line":211,"column":60},"end":{"line":214,"column":19}},"locations":[{"start":{"line":211,"column":60},"end":{"line":214,"column":19}}]},"6":{"type":"branch","line":230,"loc":{"start":{"line":230,"column":29},"end":{"line":246,"column":21}},"locations":[{"start":{"line":230,"column":29},"end":{"line":246,"column":21}}]}},"b":{"0":[6],"1":[18],"2":[144],"3":[3],"4":[3],"5":[12],"6":[15]},"fnMap":{"0":{"name":"minimumFor","decl":{"start":{"line":41,"column":19},"end":{"line":41,"column":90}},"loc":{"start":{"line":41,"column":19},"end":{"line":41,"column":90}},"line":41},"1":{"name":"CourtPlan","decl":{"start":{"line":43,"column":0},"end":{"line":69,"column":1}},"loc":{"start":{"line":43,"column":0},"end":{"line":69,"column":1}},"line":43},"2":{"name":"LabHomePage","decl":{"start":{"line":71,"column":0},"end":{"line":358,"column":1}},"loc":{"start":{"line":71,"column":0},"end":{"line":358,"column":1}},"line":71}},"f":{"0":18,"1":3,"2":3}}
}
